<?xml version="1.0" encoding="UTF-8"?>
<testng-results skipped="0" failed="0" total="1" passed="1">
  <reporter-output>
  </reporter-output>
  <suite name="Default suite" duration-ms="11325" started-at="2023-10-27T09:29:19Z" finished-at="2023-10-27T09:29:30Z">
    <groups>
    </groups>
    <test name="Default test" duration-ms="11325" started-at="2023-10-27T09:29:19Z" finished-at="2023-10-27T09:29:30Z">
      <class name="netlify.layout.Layoutthree">
        <test-method status="PASS" signature="test_layoutthree()[pri:0, instance:netlify.layout.Layoutthree@4909b8da]" name="test_layoutthree" duration-ms="11293" started-at="2023-10-27T14:59:19Z" finished-at="2023-10-27T14:59:30Z">
          <reporter-output>
          </reporter-output>
        </test-method> <!-- test_layoutthree -->
      </class> <!-- netlify.layout.Layoutthree -->
    </test> <!-- Default test -->
  </suite> <!-- Default suite -->
</testng-results>
